<?xml version="1.0" encoding="UTF-8"?>
<testsuite xmlns:xsi="http://www.w3.org/2001/XMLSchema-instance" xsi:noNamespaceSchemaLocation="https://maven.apache.org/surefire/maven-surefire-plugin/xsd/surefire-test-report-3.0.xsd" version="3.0" name="com.ticketguard.TicketGuardApplicationTests" time="39.041" tests="3" errors="0" skipped="0" failures="0">
  <properties>
[...]
</properties>
  <testcase name="testSerialization" classname="com.ticketguard.TicketGuardApplicationTests" time="3.413">
    <system-out><![CDATA[22:22:42.754 [main] INFO org.springframework.test.context.support.AnnotationConfigContextLoaderUtils -- Could not detect default configuration classes for test class [com.ticketguard.TicketGuardApplicationTests]: TicketGuardApplicationTests does not declare any static, non-private, non-final, nested classes annotated with @Configuration.
22:22:42.883 [main] INFO org.springframework.boot.test.context.SpringBootTestContextBootstrapper -- Found @SpringBootConfiguration com.ticketguard.TicketGuardApplication for test class com.ticketguard.TicketGuardApplicationTests
22:22:43.076 [main] INFO org.springframework.boot.devtools.restart.RestartApplicationListener -- Restart disabled due to context in which it is running

  .   ____          _            __ _ _
 /\\ / ___'_ __ _ _(_)_ __  __ _ \ \ \ \
( ( )\___ | '_ | '_| | '_ \/ _` | \ \ \ \
 \\/  ___)| |_)| | | | | || (_| |  ) ) ) )
  '  |____| .__|_| |_|_| |_\__, | / / / /
 =========|_|==============|___/=/_/_/_/

 :: Spring Boot ::                (v3.3.5)

2026-07-23T22:22:43.373+05:30  INFO 15652 --- [backend] [           main] c.t.TicketGuardApplicationTests          : Starting TicketGuardApplicationTests using Java 21.0.10 with PID 15652 (started by lovel in D:\ticketguard Project\Backend)
2026-07-23T22:22:43.373+05:30 DEBUG 15652 --- [backend] [           main] c.t.TicketGuardApplicationTests          : Running with Spring Boot v3.3.5, Spring v6.1.14
2026-07-23T22:22:43.375+05:30  INFO 15652 --- [backend] [           main] c.t.TicketGuardApplicationTests          : No active profile set, falling back to 1 default profile: "default"
2026-07-23T22:22:44.511+05:30  INFO 15652 --- [backend] [           main] .s.d.r.c.RepositoryConfigurationDelegate : Bootstrapping Spring Data JPA repositories in DEFAULT mode.
2026-07-23T22:22:44.613+05:30  INFO 15652 --- [backend] [           main] .s.d.r.c.RepositoryConfigurationDelegate : Finished Spring Data repository scanning in 97 ms. Found 16 JPA repository interfaces.
2026-07-23T22:22:58.316+05:30  INFO 15652 --- [backend] [           main] o.hibernate.jpa.internal.util.LogHelper  : HHH000204: Processing PersistenceUnitInfo [name: default]
2026-07-23T22:22:59.492+05:30  INFO 15652 --- [backend] [           main] org.hibernate.Version                    : HHH000412: Hibernate ORM core version 6.5.3.Final
2026-07-23T22:22:59.592+05:30  INFO 15652 --- [backend] [           main] o.h.c.internal.RegionFactoryInitiator    : HHH000026: Second-level cache disabled
2026-07-23T22:23:01.283+05:30  INFO 15652 --- [backend] [           main] o.s.o.j.p.SpringPersistenceUnitInfo      : No LoadTimeWeaver setup: ignoring JPA class transformer
2026-07-23T22:23:02.102+05:30  INFO 15652 --- [backend] [           main] com.zaxxer.hikari.HikariDataSource       : HikariPool-1 - Starting...
2026-07-23T22:23:04.809+05:30  INFO 15652 --- [backend] [           main] com.zaxxer.hikari.pool.HikariPool        : HikariPool-1 - Added connection com.mysql.cj.jdbc.ConnectionImpl@11adab6d
2026-07-23T22:23:04.811+05:30  INFO 15652 --- [backend] [           main] com.zaxxer.hikari.HikariDataSource       : HikariPool-1 - Start completed.
2026-07-23T22:23:05.076+05:30  WARN 15652 --- [backend] [           main] org.hibernate.orm.deprecation            : HHH90000025: MySQLDialect does not need to be specified explicitly using 'hibernate.dialect' (remove the property setting and it will be selected by default)
2026-07-23T22:23:10.582+05:30  INFO 15652 --- [backend] [           main] o.h.e.t.j.p.i.JtaPlatformInitiator       : HHH000489: No JTA platform available (set 'hibernate.transaction.jta.platform' to enable JTA platform integration)
Hibernate: 
    alter table events 
       modify column description TEXT
Hibernate: 
    alter table notifications 
       modify column message TEXT not null
Hibernate: 
    alter table payments 
       modify column gateway_response TEXT
Hibernate: 
    alter table tickets 
       modify column qr_code TEXT
2026-07-23T22:23:10.910+05:30  INFO 15652 --- [backend] [           main] j.LocalContainerEntityManagerFactoryBean : Initialized JPA EntityManagerFactory for persistence unit 'default'
2026-07-23T22:23:11.922+05:30  WARN 15652 --- [backend] [           main] JpaBaseConfiguration$JpaWebConfiguration : spring.jpa.open-in-view is enabled by default. Therefore, database queries may be performed during view rendering. Explicitly configure spring.jpa.open-in-view to disable this warning
2026-07-23T22:23:11.977+05:30  INFO 15652 --- [backend] [           main] eAuthenticationProviderManagerConfigurer : Global AuthenticationManager configured with AuthenticationProvider bean with name authenticationProvider
2026-07-23T22:23:11.981+05:30  WARN 15652 --- [backend] [           main] r$InitializeUserDetailsManagerConfigurer : Global AuthenticationManager configured with an AuthenticationProvider bean. UserDetailsService beans will not be used for username/password login. Consider removing the AuthenticationProvider bean. Alternatively, consider using the UserDetailsService in a manually instantiated DaoAuthenticationProvider.
2026-07-23T22:23:12.921+05:30  INFO 15652 --- [backend] [           main] c.t.TicketGuardApplicationTests          : Started TicketGuardApplicationTests in 29.858 seconds (process running for 31.037)
Hibernate: 
    select
        sr1_0.id,
        sr1_0.event_id,
        sr1_0.reservation_expiry,
        sr1_0.reservation_start,
        sr1_0.seat_id,
        sr1_0.status,
        sr1_0.user_id 
    from
        seat_reservations sr1_0 
    where
        sr1_0.status=? 
        and sr1_0.reservation_expiry<?
Hibernate: 
    select
        count(*) 
    from
        users u1_0
Hibernate: 
    select
        u1_0.id,
        u1_0.created_at,
        u1_0.email,
        u1_0.first_name,
        u1_0.last_name,
        u1_0.password,
        u1_0.phone,
        u1_0.profile_image,
        u1_0.role,
        u1_0.status,
        u1_0.updated_at 
    from
        users u1_0 
    where
        u1_0.email=?
Hibernate: 
    select
        u1_0.id,
        u1_0.created_at,
        u1_0.email,
        u1_0.first_name,
        u1_0.last_name,
        u1_0.password,
        u1_0.phone,
        u1_0.profile_image,
        u1_0.role,
        u1_0.status,
        u1_0.updated_at 
    from
        users u1_0 
    where
        u1_0.email=?
Hibernate: 
    select
        e1_0.id,
        e1_0.artist_name,
        e1_0.banner_image,
        e1_0.category,
        e1_0.created_at,
        e1_0.created_by,
        e1_0.description,
        e1_0.event_date,
        e1_0.event_time,
        e1_0.status,
        e1_0.ticket_price,
        e1_0.title,
        e1_0.updated_at,
        e1_0.venue_id 
    from
        events e1_0
Hibernate: 
    select
        v1_0.id,
        v1_0.address,
        v1_0.capacity,
        v1_0.city,
        v1_0.country,
        v1_0.created_at,
        v1_0.state,
        v1_0.venue_name 
    from
        venues v1_0 
    where
        v1_0.id=?
Hibernate: 
    select
        v1_0.id,
        v1_0.address,
        v1_0.capacity,
        v1_0.city,
        v1_0.country,
        v1_0.created_at,
        v1_0.state,
        v1_0.venue_name 
    from
        venues v1_0 
    where
        v1_0.id=?
Hibernate: 
    select
        v1_0.id,
        v1_0.address,
        v1_0.capacity,
        v1_0.city,
        v1_0.country,
        v1_0.created_at,
        v1_0.state,
        v1_0.venue_name 
    from
        venues v1_0 
    where
        v1_0.id=?
Hibernate: 
    select
        v1_0.id,
        v1_0.address,
        v1_0.capacity,
        v1_0.city,
        v1_0.country,
        v1_0.created_at,
        v1_0.state,
        v1_0.venue_name 
    from
        venues v1_0 
    where
        v1_0.id=?
Hibernate: 
    select
        count(*) 
    from
        venues v1_0
Hibernate: 
    select
        v1_0.id,
        v1_0.address,
        v1_0.capacity,
        v1_0.city,
        v1_0.country,
        v1_0.created_at,
        v1_0.state,
        v1_0.venue_name 
    from
        venues v1_0
Hibernate: 
    select
        v1_0.id,
        v1_0.address,
        v1_0.capacity,
        v1_0.city,
        v1_0.country,
        v1_0.created_at,
        v1_0.state,
        v1_0.venue_name 
    from
        venues v1_0
Hibernate: 
    select
        v1_0.id,
        v1_0.address,
        v1_0.capacity,
        v1_0.city,
        v1_0.country,
        v1_0.created_at,
        v1_0.state,
        v1_0.venue_name 
    from
        venues v1_0
Hibernate: 
    select
        v1_0.id,
        v1_0.address,
        v1_0.capacity,
        v1_0.city,
        v1_0.country,
        v1_0.created_at,
        v1_0.state,
        v1_0.venue_name 
    from
        venues v1_0
Hibernate: 
    select
        count(*) 
    from
        events e1_0
Hibernate: 
    select
        e1_0.id,
        e1_0.artist_name,
        e1_0.banner_image,
        e1_0.category,
        e1_0.created_at,
        e1_0.created_by,
        e1_0.description,
        e1_0.event_date,
        e1_0.event_time,
        e1_0.status,
        e1_0.ticket_price,
        e1_0.title,
        e1_0.updated_at,
        e1_0.venue_id 
    from
        events e1_0
Hibernate: 
    select
        v1_0.id,
        v1_0.address,
        v1_0.capacity,
        v1_0.city,
        v1_0.country,
        v1_0.created_at,
        v1_0.state,
        v1_0.venue_name 
    from
        venues v1_0 
    where
        v1_0.id=?
Hibernate: 
    select
        v1_0.id,
        v1_0.address,
        v1_0.capacity,
        v1_0.city,
        v1_0.country,
        v1_0.created_at,
        v1_0.state,
        v1_0.venue_name 
    from
        venues v1_0 
    where
        v1_0.id=?
Hibernate: 
    select
        v1_0.id,
        v1_0.address,
        v1_0.capacity,
        v1_0.city,
        v1_0.country,
        v1_0.created_at,
        v1_0.state,
        v1_0.venue_name 
    from
        venues v1_0 
    where
        v1_0.id=?
Hibernate: 
    select
        v1_0.id,
        v1_0.address,
        v1_0.capacity,
        v1_0.city,
        v1_0.country,
        v1_0.created_at,
        v1_0.state,
        v1_0.venue_name 
    from
        venues v1_0 
    where
        v1_0.id=?
Hibernate: 
    select
        e1_0.id,
        e1_0.artist_name,
        e1_0.banner_image,
        e1_0.category,
        e1_0.created_at,
        e1_0.created_by,
        e1_0.description,
        e1_0.event_date,
        e1_0.event_time,
        e1_0.status,
        e1_0.ticket_price,
        e1_0.title,
        e1_0.updated_at,
        e1_0.venue_id 
    from
        events e1_0
Hibernate: 
    select
        v1_0.id,
        v1_0.address,
        v1_0.capacity,
        v1_0.city,
        v1_0.country,
        v1_0.created_at,
        v1_0.state,
        v1_0.venue_name 
    from
        venues v1_0 
    where
        v1_0.id=?
Hibernate: 
    select
        v1_0.id,
        v1_0.address,
        v1_0.capacity,
        v1_0.city,
        v1_0.country,
        v1_0.created_at,
        v1_0.state,
        v1_0.venue_name 
    from
        venues v1_0 
    where
        v1_0.id=?
Hibernate: 
    select
        v1_0.id,
        v1_0.address,
        v1_0.capacity,
        v1_0.city,
        v1_0.country,
        v1_0.created_at,
        v1_0.state,
        v1_0.venue_name 
    from
        venues v1_0 
    where
        v1_0.id=?
Hibernate: 
    select
        v1_0.id,
        v1_0.address,
        v1_0.capacity,
        v1_0.city,
        v1_0.country,
        v1_0.created_at,
        v1_0.state,
        v1_0.venue_name 
    from
        venues v1_0 
    where
        v1_0.id=?
Hibernate: 
    select
        e1_0.id,
        e1_0.artist_name,
        e1_0.banner_image,
        e1_0.category,
        e1_0.created_at,
        e1_0.created_by,
        e1_0.description,
        e1_0.event_date,
        e1_0.event_time,
        e1_0.status,
        e1_0.ticket_price,
        e1_0.title,
        e1_0.updated_at,
        e1_0.venue_id 
    from
        events e1_0
Hibernate: 
    select
        v1_0.id,
        v1_0.address,
        v1_0.capacity,
        v1_0.city,
        v1_0.country,
        v1_0.created_at,
        v1_0.state,
        v1_0.venue_name 
    from
        venues v1_0 
    where
        v1_0.id=?
Hibernate: 
    select
        v1_0.id,
        v1_0.address,
        v1_0.capacity,
        v1_0.city,
        v1_0.country,
        v1_0.created_at,
        v1_0.state,
        v1_0.venue_name 
    from
        venues v1_0 
    where
        v1_0.id=?
Hibernate: 
    select
        v1_0.id,
        v1_0.address,
        v1_0.capacity,
        v1_0.city,
        v1_0.country,
        v1_0.created_at,
        v1_0.state,
        v1_0.venue_name 
    from
        venues v1_0 
    where
        v1_0.id=?
Hibernate: 
    select
        v1_0.id,
        v1_0.address,
        v1_0.capacity,
        v1_0.city,
        v1_0.country,
        v1_0.created_at,
        v1_0.state,
        v1_0.venue_name 
    from
        venues v1_0 
    where
        v1_0.id=?
Hibernate: 
    select
        e1_0.id,
        e1_0.artist_name,
        e1_0.banner_image,
        e1_0.category,
        e1_0.created_at,
        e1_0.created_by,
        e1_0.description,
        e1_0.event_date,
        e1_0.event_time,
        e1_0.status,
        e1_0.ticket_price,
        e1_0.title,
        e1_0.updated_at,
        e1_0.venue_id 
    from
        events e1_0
Hibernate: 
    select
        v1_0.id,
        v1_0.address,
        v1_0.capacity,
        v1_0.city,
        v1_0.country,
        v1_0.created_at,
        v1_0.state,
        v1_0.venue_name 
    from
        venues v1_0 
    where
        v1_0.id=?
Hibernate: 
    select
        v1_0.id,
        v1_0.address,
        v1_0.capacity,
        v1_0.city,
        v1_0.country,
        v1_0.created_at,
        v1_0.state,
        v1_0.venue_name 
    from
        venues v1_0 
    where
        v1_0.id=?
Hibernate: 
    select
        v1_0.id,
        v1_0.address,
        v1_0.capacity,
        v1_0.city,
        v1_0.country,
        v1_0.created_at,
        v1_0.state,
        v1_0.venue_name 
    from
        venues v1_0 
    where
        v1_0.id=?
Hibernate: 
    select
        v1_0.id,
        v1_0.address,
        v1_0.capacity,
        v1_0.city,
        v1_0.country,
        v1_0.created_at,
        v1_0.state,
        v1_0.venue_name 
    from
        venues v1_0 
    where
        v1_0.id=?
Hibernate: 
    select
        e1_0.id,
        e1_0.artist_name,
        e1_0.banner_image,
        e1_0.category,
        e1_0.created_at,
        e1_0.created_by,
        e1_0.description,
        e1_0.event_date,
        e1_0.event_time,
        e1_0.status,
        e1_0.ticket_price,
        e1_0.title,
        e1_0.updated_at,
        e1_0.venue_id 
    from
        events e1_0
Hibernate: 
    select
        v1_0.id,
        v1_0.address,
        v1_0.capacity,
        v1_0.city,
        v1_0.country,
        v1_0.created_at,
        v1_0.state,
        v1_0.venue_name 
    from
        venues v1_0 
    where
        v1_0.id=?
Hibernate: 
    select
        v1_0.id,
        v1_0.address,
        v1_0.capacity,
        v1_0.city,
        v1_0.country,
        v1_0.created_at,
        v1_0.state,
        v1_0.venue_name 
    from
        venues v1_0 
    where
        v1_0.id=?
Hibernate: 
    select
        v1_0.id,
        v1_0.address,
        v1_0.capacity,
        v1_0.city,
        v1_0.country,
        v1_0.created_at,
        v1_0.state,
        v1_0.venue_name 
    from
        venues v1_0 
    where
        v1_0.id=?
Hibernate: 
    select
        v1_0.id,
        v1_0.address,
        v1_0.capacity,
        v1_0.city,
        v1_0.country,
        v1_0.created_at,
        v1_0.state,
        v1_0.venue_name 
    from
        venues v1_0 
    where
        v1_0.id=?
Hibernate: 
    select
        e1_0.id,
        e1_0.artist_name,
        e1_0.banner_image,
        e1_0.category,
        e1_0.created_at,
        e1_0.created_by,
        e1_0.description,
        e1_0.event_date,
        e1_0.event_time,
        e1_0.status,
        e1_0.ticket_price,
        e1_0.title,
        e1_0.updated_at,
        e1_0.venue_id 
    from
        events e1_0
Hibernate: 
    select
        v1_0.id,
        v1_0.address,
        v1_0.capacity,
        v1_0.city,
        v1_0.country,
        v1_0.created_at,
        v1_0.state,
        v1_0.venue_name 
    from
        venues v1_0 
    where
        v1_0.id=?
Hibernate: 
    select
        v1_0.id,
        v1_0.address,
        v1_0.capacity,
        v1_0.city,
        v1_0.country,
        v1_0.created_at,
        v1_0.state,
        v1_0.venue_name 
    from
        venues v1_0 
    where
        v1_0.id=?
Hibernate: 
    select
        v1_0.id,
        v1_0.address,
        v1_0.capacity,
        v1_0.city,
        v1_0.country,
        v1_0.created_at,
        v1_0.state,
        v1_0.venue_name 
    from
        venues v1_0 
    where
        v1_0.id=?
Hibernate: 
    select
        v1_0.id,
        v1_0.address,
        v1_0.capacity,
        v1_0.city,
        v1_0.country,
        v1_0.created_at,
        v1_0.state,
        v1_0.venue_name 
    from
        venues v1_0 
    where
        v1_0.id=?
Hibernate: 
    select
        e1_0.id,
        e1_0.artist_name,
        e1_0.banner_image,
        e1_0.category,
        e1_0.created_at,
        e1_0.created_by,
        e1_0.description,
        e1_0.event_date,
        e1_0.event_time,
        e1_0.status,
        e1_0.ticket_price,
        e1_0.title,
        e1_0.updated_at,
        e1_0.venue_id 
    from
        events e1_0
Hibernate: 
    select
        v1_0.id,
        v1_0.address,
        v1_0.capacity,
        v1_0.city,
        v1_0.country,
        v1_0.created_at,
        v1_0.state,
        v1_0.venue_name 
    from
        venues v1_0 
    where
        v1_0.id=?
Hibernate: 
    select
        v1_0.id,
        v1_0.address,
        v1_0.capacity,
        v1_0.city,
        v1_0.country,
        v1_0.created_at,
        v1_0.state,
        v1_0.venue_name 
    from
        venues v1_0 
    where
        v1_0.id=?
Hibernate: 
    select
        v1_0.id,
        v1_0.address,
        v1_0.capacity,
        v1_0.city,
        v1_0.country,
        v1_0.created_at,
        v1_0.state,
        v1_0.venue_name 
    from
        venues v1_0 
    where
        v1_0.id=?
Hibernate: 
    select
        v1_0.id,
        v1_0.address,
        v1_0.capacity,
        v1_0.city,
        v1_0.country,
        v1_0.created_at,
        v1_0.state,
        v1_0.venue_name 
    from
        venues v1_0 
    where
        v1_0.id=?
Hibernate: 
    select
        e1_0.id,
        e1_0.artist_name,
        e1_0.banner_image,
        e1_0.category,
        e1_0.created_at,
        e1_0.created_by,
        e1_0.description,
        e1_0.event_date,
        e1_0.event_time,
        e1_0.status,
        e1_0.ticket_price,
        e1_0.title,
        e1_0.updated_at,
        e1_0.venue_id 
    from
        events e1_0
Hibernate: 
    select
        v1_0.id,
        v1_0.address,
        v1_0.capacity,
        v1_0.city,
        v1_0.country,
        v1_0.created_at,
        v1_0.state,
        v1_0.venue_name 
    from
        venues v1_0 
    where
        v1_0.id=?
Hibernate: 
    select
        v1_0.id,
        v1_0.address,
        v1_0.capacity,
        v1_0.city,
        v1_0.country,
        v1_0.created_at,
        v1_0.state,
        v1_0.venue_name 
    from
        venues v1_0 
    where
        v1_0.id=?
Hibernate: 
    select
        v1_0.id,
        v1_0.address,
        v1_0.capacity,
        v1_0.city,
        v1_0.country,
        v1_0.created_at,
        v1_0.state,
        v1_0.venue_name 
    from
        venues v1_0 
    where
        v1_0.id=?
Hibernate: 
    select
        v1_0.id,
        v1_0.address,
        v1_0.capacity,
        v1_0.city,
        v1_0.country,
        v1_0.created_at,
        v1_0.state,
        v1_0.venue_name 
    from
        venues v1_0 
    where
        v1_0.id=?
Hibernate: 
    select
        e1_0.id,
        e1_0.artist_name,
        e1_0.banner_image,
        e1_0.category,
        e1_0.created_at,
        e1_0.created_by,
        e1_0.description,
        e1_0.event_date,
        e1_0.event_time,
        e1_0.status,
        e1_0.ticket_price,
        e1_0.title,
        e1_0.updated_at,
        e1_0.venue_id 
    from
        events e1_0
Hibernate: 
    select
        v1_0.id,
        v1_0.address,
        v1_0.capacity,
        v1_0.city,
        v1_0.country,
        v1_0.created_at,
        v1_0.state,
        v1_0.venue_name 
    from
        venues v1_0 
    where
        v1_0.id=?
Hibernate: 
    select
        v1_0.id,
        v1_0.address,
        v1_0.capacity,
        v1_0.city,
        v1_0.country,
        v1_0.created_at,
        v1_0.state,
        v1_0.venue_name 
    from
        venues v1_0 
    where
        v1_0.id=?
Hibernate: 
    select
        v1_0.id,
        v1_0.address,
        v1_0.capacity,
        v1_0.city,
        v1_0.country,
        v1_0.created_at,
        v1_0.state,
        v1_0.venue_name 
    from
        venues v1_0 
    where
        v1_0.id=?
Hibernate: 
    select
        v1_0.id,
        v1_0.address,
        v1_0.capacity,
        v1_0.city,
        v1_0.country,
        v1_0.created_at,
        v1_0.state,
        v1_0.venue_name 
    from
        venues v1_0 
    where
        v1_0.id=?
Hibernate: 
    select
        e1_0.id,
        e1_0.artist_name,
        e1_0.banner_image,
        e1_0.category,
        e1_0.created_at,
        e1_0.created_by,
        e1_0.description,
        e1_0.event_date,
        e1_0.event_time,
        e1_0.status,
        e1_0.ticket_price,
        e1_0.title,
        e1_0.updated_at,
        e1_0.venue_id 
    from
        events e1_0
Hibernate: 
    select
        v1_0.id,
        v1_0.address,
        v1_0.capacity,
        v1_0.city,
        v1_0.country,
        v1_0.created_at,
        v1_0.state,
        v1_0.venue_name 
    from
        venues v1_0 
    where
        v1_0.id=?
Hibernate: 
    select
        v1_0.id,
        v1_0.address,
        v1_0.capacity,
        v1_0.city,
        v1_0.country,
        v1_0.created_at,
        v1_0.state,
        v1_0.venue_name 
    from
        venues v1_0 
    where
        v1_0.id=?
Hibernate: 
    select
        v1_0.id,
        v1_0.address,
        v1_0.capacity,
        v1_0.city,
        v1_0.country,
        v1_0.created_at,
        v1_0.state,
        v1_0.venue_name 
    from
        venues v1_0 
    where
        v1_0.id=?
Hibernate: 
    select
        v1_0.id,
        v1_0.address,
        v1_0.capacity,
        v1_0.city,
        v1_0.country,
        v1_0.created_at,
        v1_0.state,
        v1_0.venue_name 
    from
        venues v1_0 
    where
        v1_0.id=?
Hibernate: 
    select
        count(*) 
    from
        login_history lh1_0
Hibernate: 
    select
        count(*) 
    from
        ai_fraud_logs afl1_0
SERIALIZED JSON: {"id":null,"title":"Test Event","description":null,"category":null,"artistName":null,"venue":{"id":1,"venueName":"Test Venue","city":null,"state":null,"country":null,"address":null,"capacity":null,"createdAt":null},"eventDate":"2026-07-23","eventTime":"07:00 pm","bannerImage":null,"ticketPrice":10,"status":"ACTIVE","createdAt":null,"updatedAt":null}
DESERIALIZED TIME: 19:00
]]></system-out>
    <system-err><![CDATA[WARNING: A Java agent has been loaded dynamically (C:\Users\lovel\.m2\repository\net\bytebuddy\byte-buddy-agent\1.14.19\byte-buddy-agent-1.14.19.jar)
WARNING: If a serviceability tool is in use, please run with -XX:+EnableDynamicAgentLoading to hide this warning
WARNING: If a serviceability tool is not in use, please run with -Djdk.instrument.traceUsage for more information
WARNING: Dynamic loading of agents will be disallowed by default in a future release
]]></system-err>
  </testcase>
  <testcase name="updateEventBanners" classname="com.ticketguard.TicketGuardApplicationTests" time="0.456">
    <system-out><![CDATA[RUNNING MANUAL BANNER UPDATE TEST...
Hibernate: 
    select
        e1_0.id,
        e1_0.artist_name,
        e1_0.banner_image,
        e1_0.category,
        e1_0.created_at,
        e1_0.created_by,
        e1_0.description,
        e1_0.event_date,
        e1_0.event_time,
        e1_0.status,
        e1_0.ticket_price,
        e1_0.title,
        e1_0.updated_at,
        e1_0.venue_id 
    from
        events e1_0
Hibernate: 
    select
        v1_0.id,
        v1_0.address,
        v1_0.capacity,
        v1_0.city,
        v1_0.country,
        v1_0.created_at,
        v1_0.state,
        v1_0.venue_name 
    from
        venues v1_0 
    where
        v1_0.id=?
Hibernate: 
    select
        v1_0.id,
        v1_0.address,
        v1_0.capacity,
        v1_0.city,
        v1_0.country,
        v1_0.created_at,
        v1_0.state,
        v1_0.venue_name 
    from
        venues v1_0 
    where
        v1_0.id=?
Hibernate: 
    select
        v1_0.id,
        v1_0.address,
        v1_0.capacity,
        v1_0.city,
        v1_0.country,
        v1_0.created_at,
        v1_0.state,
        v1_0.venue_name 
    from
        venues v1_0 
    where
        v1_0.id=?
Hibernate: 
    select
        v1_0.id,
        v1_0.address,
        v1_0.capacity,
        v1_0.city,
        v1_0.country,
        v1_0.created_at,
        v1_0.state,
        v1_0.venue_name 
    from
        venues v1_0 
    where
        v1_0.id=?
UPDATING BANNER FOR EVENT: Lollapalooza India 2026 -> https://images.unsplash.com/photo-1459749411175-04bf5292ceea?q=80&w=1170&auto=format&fit=crop
Hibernate: 
    select
        e1_0.id,
        e1_0.artist_name,
        e1_0.banner_image,
        e1_0.category,
        e1_0.created_at,
        e1_0.created_by,
        e1_0.description,
        e1_0.event_date,
        e1_0.event_time,
        e1_0.status,
        e1_0.ticket_price,
        e1_0.title,
        e1_0.updated_at,
        e1_0.venue_id,
        v1_0.id,
        v1_0.address,
        v1_0.capacity,
        v1_0.city,
        v1_0.country,
        v1_0.created_at,
        v1_0.state,
        v1_0.venue_name 
    from
        events e1_0 
    join
        venues v1_0 
            on v1_0.id=e1_0.venue_id 
    where
        e1_0.id=?
Hibernate: 
    select
        e1_0.id,
        e1_0.artist_name,
        e1_0.banner_image,
        e1_0.category,
        e1_0.created_at,
        e1_0.created_by,
        e1_0.description,
        e1_0.event_date,
        e1_0.event_time,
        e1_0.status,
        e1_0.ticket_price,
        e1_0.title,
        e1_0.updated_at,
        e1_0.venue_id 
    from
        events e1_0
Hibernate: 
    select
        v1_0.id,
        v1_0.address,
        v1_0.capacity,
        v1_0.city,
        v1_0.country,
        v1_0.created_at,
        v1_0.state,
        v1_0.venue_name 
    from
        venues v1_0 
    where
        v1_0.id=?
Hibernate: 
    select
        v1_0.id,
        v1_0.address,
        v1_0.capacity,
        v1_0.city,
        v1_0.country,
        v1_0.created_at,
        v1_0.state,
        v1_0.venue_name 
    from
        venues v1_0 
    where
        v1_0.id=?
Hibernate: 
    select
        v1_0.id,
        v1_0.address,
        v1_0.capacity,
        v1_0.city,
        v1_0.country,
        v1_0.created_at,
        v1_0.state,
        v1_0.venue_name 
    from
        venues v1_0 
    where
        v1_0.id=?
Hibernate: 
    select
        v1_0.id,
        v1_0.address,
        v1_0.capacity,
        v1_0.city,
        v1_0.country,
        v1_0.created_at,
        v1_0.state,
        v1_0.venue_name 
    from
        venues v1_0 
    where
        v1_0.id=?
UPDATING BANNER FOR EVENT: Sunburn Festival Goa -> https://images.unsplash.com/photo-1470225620780-dba8ba36b745?q=80&w=1170&auto=format&fit=crop
Hibernate: 
    select
        e1_0.id,
        e1_0.artist_name,
        e1_0.banner_image,
        e1_0.category,
        e1_0.created_at,
        e1_0.created_by,
        e1_0.description,
        e1_0.event_date,
        e1_0.event_time,
        e1_0.status,
        e1_0.ticket_price,
        e1_0.title,
        e1_0.updated_at,
        e1_0.venue_id,
        v1_0.id,
        v1_0.address,
        v1_0.capacity,
        v1_0.city,
        v1_0.country,
        v1_0.created_at,
        v1_0.state,
        v1_0.venue_name 
    from
        events e1_0 
    join
        venues v1_0 
            on v1_0.id=e1_0.venue_id 
    where
        e1_0.id=?
Hibernate: 
    select
        e1_0.id,
        e1_0.artist_name,
        e1_0.banner_image,
        e1_0.category,
        e1_0.created_at,
        e1_0.created_by,
        e1_0.description,
        e1_0.event_date,
        e1_0.event_time,
        e1_0.status,
        e1_0.ticket_price,
        e1_0.title,
        e1_0.updated_at,
        e1_0.venue_id 
    from
        events e1_0
Hibernate: 
    select
        v1_0.id,
        v1_0.address,
        v1_0.capacity,
        v1_0.city,
        v1_0.country,
        v1_0.created_at,
        v1_0.state,
        v1_0.venue_name 
    from
        venues v1_0 
    where
        v1_0.id=?
Hibernate: 
    select
        v1_0.id,
        v1_0.address,
        v1_0.capacity,
        v1_0.city,
        v1_0.country,
        v1_0.created_at,
        v1_0.state,
        v1_0.venue_name 
    from
        venues v1_0 
    where
        v1_0.id=?
Hibernate: 
    select
        v1_0.id,
        v1_0.address,
        v1_0.capacity,
        v1_0.city,
        v1_0.country,
        v1_0.created_at,
        v1_0.state,
        v1_0.venue_name 
    from
        venues v1_0 
    where
        v1_0.id=?
Hibernate: 
    select
        v1_0.id,
        v1_0.address,
        v1_0.capacity,
        v1_0.city,
        v1_0.country,
        v1_0.created_at,
        v1_0.state,
        v1_0.venue_name 
    from
        venues v1_0 
    where
        v1_0.id=?
UPDATING BANNER FOR EVENT: Comic Con India -> https://images.unsplash.com/photo-1563089145-599997674d42?q=80&w=1170&auto=format&fit=crop
Hibernate: 
    select
        e1_0.id,
        e1_0.artist_name,
        e1_0.banner_image,
        e1_0.category,
        e1_0.created_at,
        e1_0.created_by,
        e1_0.description,
        e1_0.event_date,
        e1_0.event_time,
        e1_0.status,
        e1_0.ticket_price,
        e1_0.title,
        e1_0.updated_at,
        e1_0.venue_id,
        v1_0.id,
        v1_0.address,
        v1_0.capacity,
        v1_0.city,
        v1_0.country,
        v1_0.created_at,
        v1_0.state,
        v1_0.venue_name 
    from
        events e1_0 
    join
        venues v1_0 
            on v1_0.id=e1_0.venue_id 
    where
        e1_0.id=?
Hibernate: 
    select
        e1_0.id,
        e1_0.artist_name,
        e1_0.banner_image,
        e1_0.category,
        e1_0.created_at,
        e1_0.created_by,
        e1_0.description,
        e1_0.event_date,
        e1_0.event_time,
        e1_0.status,
        e1_0.ticket_price,
        e1_0.title,
        e1_0.updated_at,
        e1_0.venue_id 
    from
        events e1_0
Hibernate: 
    select
        v1_0.id,
        v1_0.address,
        v1_0.capacity,
        v1_0.city,
        v1_0.country,
        v1_0.created_at,
        v1_0.state,
        v1_0.venue_name 
    from
        venues v1_0 
    where
        v1_0.id=?
Hibernate: 
    select
        v1_0.id,
        v1_0.address,
        v1_0.capacity,
        v1_0.city,
        v1_0.country,
        v1_0.created_at,
        v1_0.state,
        v1_0.venue_name 
    from
        venues v1_0 
    where
        v1_0.id=?
Hibernate: 
    select
        v1_0.id,
        v1_0.address,
        v1_0.capacity,
        v1_0.city,
        v1_0.country,
        v1_0.created_at,
        v1_0.state,
        v1_0.venue_name 
    from
        venues v1_0 
    where
        v1_0.id=?
Hibernate: 
    select
        v1_0.id,
        v1_0.address,
        v1_0.capacity,
        v1_0.city,
        v1_0.country,
        v1_0.created_at,
        v1_0.state,
        v1_0.venue_name 
    from
        venues v1_0 
    where
        v1_0.id=?
UPDATING BANNER FOR EVENT: Zakir Khan Live - Tathastu -> https://images.unsplash.com/photo-1516280440614-37939bbacd6a?q=80&w=1170&auto=format&fit=crop
Hibernate: 
    select
        e1_0.id,
        e1_0.artist_name,
        e1_0.banner_image,
        e1_0.category,
        e1_0.created_at,
        e1_0.created_by,
        e1_0.description,
        e1_0.event_date,
        e1_0.event_time,
        e1_0.status,
        e1_0.ticket_price,
        e1_0.title,
        e1_0.updated_at,
        e1_0.venue_id,
        v1_0.id,
        v1_0.address,
        v1_0.capacity,
        v1_0.city,
        v1_0.country,
        v1_0.created_at,
        v1_0.state,
        v1_0.venue_name 
    from
        events e1_0 
    join
        venues v1_0 
            on v1_0.id=e1_0.venue_id 
    where
        e1_0.id=?
Hibernate: 
    select
        e1_0.id,
        e1_0.artist_name,
        e1_0.banner_image,
        e1_0.category,
        e1_0.created_at,
        e1_0.created_by,
        e1_0.description,
        e1_0.event_date,
        e1_0.event_time,
        e1_0.status,
        e1_0.ticket_price,
        e1_0.title,
        e1_0.updated_at,
        e1_0.venue_id 
    from
        events e1_0
Hibernate: 
    select
        v1_0.id,
        v1_0.address,
        v1_0.capacity,
        v1_0.city,
        v1_0.country,
        v1_0.created_at,
        v1_0.state,
        v1_0.venue_name 
    from
        venues v1_0 
    where
        v1_0.id=?
Hibernate: 
    select
        v1_0.id,
        v1_0.address,
        v1_0.capacity,
        v1_0.city,
        v1_0.country,
        v1_0.created_at,
        v1_0.state,
        v1_0.venue_name 
    from
        venues v1_0 
    where
        v1_0.id=?
Hibernate: 
    select
        v1_0.id,
        v1_0.address,
        v1_0.capacity,
        v1_0.city,
        v1_0.country,
        v1_0.created_at,
        v1_0.state,
        v1_0.venue_name 
    from
        venues v1_0 
    where
        v1_0.id=?
Hibernate: 
    select
        v1_0.id,
        v1_0.address,
        v1_0.capacity,
        v1_0.city,
        v1_0.country,
        v1_0.created_at,
        v1_0.state,
        v1_0.venue_name 
    from
        venues v1_0 
    where
        v1_0.id=?
UPDATING BANNER FOR EVENT: Wimbledon Screenings -> https://images.unsplash.com/photo-1595435934249-5df7ed86e1c0?q=80&w=1170&auto=format&fit=crop
Hibernate: 
    select
        e1_0.id,
        e1_0.artist_name,
        e1_0.banner_image,
        e1_0.category,
        e1_0.created_at,
        e1_0.created_by,
        e1_0.description,
        e1_0.event_date,
        e1_0.event_time,
        e1_0.status,
        e1_0.ticket_price,
        e1_0.title,
        e1_0.updated_at,
        e1_0.venue_id,
        v1_0.id,
        v1_0.address,
        v1_0.capacity,
        v1_0.city,
        v1_0.country,
        v1_0.created_at,
        v1_0.state,
        v1_0.venue_name 
    from
        events e1_0 
    join
        venues v1_0 
            on v1_0.id=e1_0.venue_id 
    where
        e1_0.id=?
Hibernate: 
    select
        e1_0.id,
        e1_0.artist_name,
        e1_0.banner_image,
        e1_0.category,
        e1_0.created_at,
        e1_0.created_by,
        e1_0.description,
        e1_0.event_date,
        e1_0.event_time,
        e1_0.status,
        e1_0.ticket_price,
        e1_0.title,
        e1_0.updated_at,
        e1_0.venue_id 
    from
        events e1_0
Hibernate: 
    select
        v1_0.id,
        v1_0.address,
        v1_0.capacity,
        v1_0.city,
        v1_0.country,
        v1_0.created_at,
        v1_0.state,
        v1_0.venue_name 
    from
        venues v1_0 
    where
        v1_0.id=?
Hibernate: 
    select
        v1_0.id,
        v1_0.address,
        v1_0.capacity,
        v1_0.city,
        v1_0.country,
        v1_0.created_at,
        v1_0.state,
        v1_0.venue_name 
    from
        venues v1_0 
    where
        v1_0.id=?
Hibernate: 
    select
        v1_0.id,
        v1_0.address,
        v1_0.capacity,
        v1_0.city,
        v1_0.country,
        v1_0.created_at,
        v1_0.state,
        v1_0.venue_name 
    from
        venues v1_0 
    where
        v1_0.id=?
Hibernate: 
    select
        v1_0.id,
        v1_0.address,
        v1_0.capacity,
        v1_0.city,
        v1_0.country,
        v1_0.created_at,
        v1_0.state,
        v1_0.venue_name 
    from
        venues v1_0 
    where
        v1_0.id=?
UPDATING BANNER FOR EVENT: Grand Theatre - Hamlet -> https://images.unsplash.com/photo-1507676184212-d03ab07a01bf?q=80&w=1170&auto=format&fit=crop
Hibernate: 
    select
        e1_0.id,
        e1_0.artist_name,
        e1_0.banner_image,
        e1_0.category,
        e1_0.created_at,
        e1_0.created_by,
        e1_0.description,
        e1_0.event_date,
        e1_0.event_time,
        e1_0.status,
        e1_0.ticket_price,
        e1_0.title,
        e1_0.updated_at,
        e1_0.venue_id,
        v1_0.id,
        v1_0.address,
        v1_0.capacity,
        v1_0.city,
        v1_0.country,
        v1_0.created_at,
        v1_0.state,
        v1_0.venue_name 
    from
        events e1_0 
    join
        venues v1_0 
            on v1_0.id=e1_0.venue_id 
    where
        e1_0.id=?
Hibernate: 
    select
        e1_0.id,
        e1_0.artist_name,
        e1_0.banner_image,
        e1_0.category,
        e1_0.created_at,
        e1_0.created_by,
        e1_0.description,
        e1_0.event_date,
        e1_0.event_time,
        e1_0.status,
        e1_0.ticket_price,
        e1_0.title,
        e1_0.updated_at,
        e1_0.venue_id 
    from
        events e1_0
Hibernate: 
    select
        v1_0.id,
        v1_0.address,
        v1_0.capacity,
        v1_0.city,
        v1_0.country,
        v1_0.created_at,
        v1_0.state,
        v1_0.venue_name 
    from
        venues v1_0 
    where
        v1_0.id=?
Hibernate: 
    select
        v1_0.id,
        v1_0.address,
        v1_0.capacity,
        v1_0.city,
        v1_0.country,
        v1_0.created_at,
        v1_0.state,
        v1_0.venue_name 
    from
        venues v1_0 
    where
        v1_0.id=?
Hibernate: 
    select
        v1_0.id,
        v1_0.address,
        v1_0.capacity,
        v1_0.city,
        v1_0.country,
        v1_0.created_at,
        v1_0.state,
        v1_0.venue_name 
    from
        venues v1_0 
    where
        v1_0.id=?
Hibernate: 
    select
        v1_0.id,
        v1_0.address,
        v1_0.capacity,
        v1_0.city,
        v1_0.country,
        v1_0.created_at,
        v1_0.state,
        v1_0.venue_name 
    from
        venues v1_0 
    where
        v1_0.id=?
UPDATING BANNER FOR EVENT: Taylor Swift The Eras Tour -> https://images.unsplash.com/photo-1501281668745-f7f57925c3b4?q=80&w=1170&auto=format&fit=crop
Hibernate: 
    select
        e1_0.id,
        e1_0.artist_name,
        e1_0.banner_image,
        e1_0.category,
        e1_0.created_at,
        e1_0.created_by,
        e1_0.description,
        e1_0.event_date,
        e1_0.event_time,
        e1_0.status,
        e1_0.ticket_price,
        e1_0.title,
        e1_0.updated_at,
        e1_0.venue_id,
        v1_0.id,
        v1_0.address,
        v1_0.capacity,
        v1_0.city,
        v1_0.country,
        v1_0.created_at,
        v1_0.state,
        v1_0.venue_name 
    from
        events e1_0 
    join
        venues v1_0 
            on v1_0.id=e1_0.venue_id 
    where
        e1_0.id=?
Hibernate: 
    select
        e1_0.id,
        e1_0.artist_name,
        e1_0.banner_image,
        e1_0.category,
        e1_0.created_at,
        e1_0.created_by,
        e1_0.description,
        e1_0.event_date,
        e1_0.event_time,
        e1_0.status,
        e1_0.ticket_price,
        e1_0.title,
        e1_0.updated_at,
        e1_0.venue_id 
    from
        events e1_0
Hibernate: 
    select
        v1_0.id,
        v1_0.address,
        v1_0.capacity,
        v1_0.city,
        v1_0.country,
        v1_0.created_at,
        v1_0.state,
        v1_0.venue_name 
    from
        venues v1_0 
    where
        v1_0.id=?
Hibernate: 
    select
        v1_0.id,
        v1_0.address,
        v1_0.capacity,
        v1_0.city,
        v1_0.country,
        v1_0.created_at,
        v1_0.state,
        v1_0.venue_name 
    from
        venues v1_0 
    where
        v1_0.id=?
Hibernate: 
    select
        v1_0.id,
        v1_0.address,
        v1_0.capacity,
        v1_0.city,
        v1_0.country,
        v1_0.created_at,
        v1_0.state,
        v1_0.venue_name 
    from
        venues v1_0 
    where
        v1_0.id=?
Hibernate: 
    select
        v1_0.id,
        v1_0.address,
        v1_0.capacity,
        v1_0.city,
        v1_0.country,
        v1_0.created_at,
        v1_0.state,
        v1_0.venue_name 
    from
        venues v1_0 
    where
        v1_0.id=?
UPDATING BANNER FOR EVENT: Ed Sheeran Live in Bengaluru -> https://images.unsplash.com/photo-1484755560695-a4c7302c3f29?q=80&w=1170&auto=format&fit=crop
Hibernate: 
    select
        e1_0.id,
        e1_0.artist_name,
        e1_0.banner_image,
        e1_0.category,
        e1_0.created_at,
        e1_0.created_by,
        e1_0.description,
        e1_0.event_date,
        e1_0.event_time,
        e1_0.status,
        e1_0.ticket_price,
        e1_0.title,
        e1_0.updated_at,
        e1_0.venue_id,
        v1_0.id,
        v1_0.address,
        v1_0.capacity,
        v1_0.city,
        v1_0.country,
        v1_0.created_at,
        v1_0.state,
        v1_0.venue_name 
    from
        events e1_0 
    join
        venues v1_0 
            on v1_0.id=e1_0.venue_id 
    where
        e1_0.id=?
Hibernate: 
    select
        e1_0.id,
        e1_0.artist_name,
        e1_0.banner_image,
        e1_0.category,
        e1_0.created_at,
        e1_0.created_by,
        e1_0.description,
        e1_0.event_date,
        e1_0.event_time,
        e1_0.status,
        e1_0.ticket_price,
        e1_0.title,
        e1_0.updated_at,
        e1_0.venue_id 
    from
        events e1_0
Hibernate: 
    select
        v1_0.id,
        v1_0.address,
        v1_0.capacity,
        v1_0.city,
        v1_0.country,
        v1_0.created_at,
        v1_0.state,
        v1_0.venue_name 
    from
        venues v1_0 
    where
        v1_0.id=?
Hibernate: 
    select
        v1_0.id,
        v1_0.address,
        v1_0.capacity,
        v1_0.city,
        v1_0.country,
        v1_0.created_at,
        v1_0.state,
        v1_0.venue_name 
    from
        venues v1_0 
    where
        v1_0.id=?
Hibernate: 
    select
        v1_0.id,
        v1_0.address,
        v1_0.capacity,
        v1_0.city,
        v1_0.country,
        v1_0.created_at,
        v1_0.state,
        v1_0.venue_name 
    from
        venues v1_0 
    where
        v1_0.id=?
Hibernate: 
    select
        v1_0.id,
        v1_0.address,
        v1_0.capacity,
        v1_0.city,
        v1_0.country,
        v1_0.created_at,
        v1_0.state,
        v1_0.venue_name 
    from
        venues v1_0 
    where
        v1_0.id=?
UPDATING BANNER FOR EVENT: IPL Final 2026 -> https://images.unsplash.com/photo-1508098682722-e99c43a406b2?q=80&w=1170&auto=format&fit=crop
Hibernate: 
    select
        e1_0.id,
        e1_0.artist_name,
        e1_0.banner_image,
        e1_0.category,
        e1_0.created_at,
        e1_0.created_by,
        e1_0.description,
        e1_0.event_date,
        e1_0.event_time,
        e1_0.status,
        e1_0.ticket_price,
        e1_0.title,
        e1_0.updated_at,
        e1_0.venue_id,
        v1_0.id,
        v1_0.address,
        v1_0.capacity,
        v1_0.city,
        v1_0.country,
        v1_0.created_at,
        v1_0.state,
        v1_0.venue_name 
    from
        events e1_0 
    join
        venues v1_0 
            on v1_0.id=e1_0.venue_id 
    where
        e1_0.id=?
Hibernate: 
    update
        events 
    set
        artist_name=?,
        banner_image=?,
        category=?,
        created_by=?,
        description=?,
        event_date=?,
        event_time=?,
        status=?,
        ticket_price=?,
        title=?,
        updated_at=?,
        venue_id=? 
    where
        id=?
Hibernate: 
    select
        e1_0.id,
        e1_0.artist_name,
        e1_0.banner_image,
        e1_0.category,
        e1_0.created_at,
        e1_0.created_by,
        e1_0.description,
        e1_0.event_date,
        e1_0.event_time,
        e1_0.status,
        e1_0.ticket_price,
        e1_0.title,
        e1_0.updated_at,
        e1_0.venue_id 
    from
        events e1_0
Hibernate: 
    select
        v1_0.id,
        v1_0.address,
        v1_0.capacity,
        v1_0.city,
        v1_0.country,
        v1_0.created_at,
        v1_0.state,
        v1_0.venue_name 
    from
        venues v1_0 
    where
        v1_0.id=?
Hibernate: 
    select
        v1_0.id,
        v1_0.address,
        v1_0.capacity,
        v1_0.city,
        v1_0.country,
        v1_0.created_at,
        v1_0.state,
        v1_0.venue_name 
    from
        venues v1_0 
    where
        v1_0.id=?
Hibernate: 
    select
        v1_0.id,
        v1_0.address,
        v1_0.capacity,
        v1_0.city,
        v1_0.country,
        v1_0.created_at,
        v1_0.state,
        v1_0.venue_name 
    from
        venues v1_0 
    where
        v1_0.id=?
Hibernate: 
    select
        v1_0.id,
        v1_0.address,
        v1_0.capacity,
        v1_0.city,
        v1_0.country,
        v1_0.created_at,
        v1_0.state,
        v1_0.venue_name 
    from
        venues v1_0 
    where
        v1_0.id=?
UPDATING BANNER FOR EVENT: Broadway - The Lion King -> https://images.unsplash.com/photo-1503095391755-111c18379075?q=80&w=1170&auto=format&fit=crop
Hibernate: 
    select
        e1_0.id,
        e1_0.artist_name,
        e1_0.banner_image,
        e1_0.category,
        e1_0.created_at,
        e1_0.created_by,
        e1_0.description,
        e1_0.event_date,
        e1_0.event_time,
        e1_0.status,
        e1_0.ticket_price,
        e1_0.title,
        e1_0.updated_at,
        e1_0.venue_id,
        v1_0.id,
        v1_0.address,
        v1_0.capacity,
        v1_0.city,
        v1_0.country,
        v1_0.created_at,
        v1_0.state,
        v1_0.venue_name 
    from
        events e1_0 
    join
        venues v1_0 
            on v1_0.id=e1_0.venue_id 
    where
        e1_0.id=?
Hibernate: 
    select
        e1_0.id,
        e1_0.artist_name,
        e1_0.banner_image,
        e1_0.category,
        e1_0.created_at,
        e1_0.created_by,
        e1_0.description,
        e1_0.event_date,
        e1_0.event_time,
        e1_0.status,
        e1_0.ticket_price,
        e1_0.title,
        e1_0.updated_at,
        e1_0.venue_id 
    from
        events e1_0
Hibernate: 
    select
        v1_0.id,
        v1_0.address,
        v1_0.capacity,
        v1_0.city,
        v1_0.country,
        v1_0.created_at,
        v1_0.state,
        v1_0.venue_name 
    from
        venues v1_0 
    where
        v1_0.id=?
Hibernate: 
    select
        v1_0.id,
        v1_0.address,
        v1_0.capacity,
        v1_0.city,
        v1_0.country,
        v1_0.created_at,
        v1_0.state,
        v1_0.venue_name 
    from
        venues v1_0 
    where
        v1_0.id=?
Hibernate: 
    select
        v1_0.id,
        v1_0.address,
        v1_0.capacity,
        v1_0.city,
        v1_0.country,
        v1_0.created_at,
        v1_0.state,
        v1_0.venue_name 
    from
        venues v1_0 
    where
        v1_0.id=?
Hibernate: 
    select
        v1_0.id,
        v1_0.address,
        v1_0.capacity,
        v1_0.city,
        v1_0.country,
        v1_0.created_at,
        v1_0.state,
        v1_0.venue_name 
    from
        venues v1_0 
    where
        v1_0.id=?
MANUAL BANNER UPDATE COMPLETE.
Hibernate: 
    select
        e1_0.id,
        e1_0.artist_name,
        e1_0.banner_image,
        e1_0.category,
        e1_0.created_at,
        e1_0.created_by,
        e1_0.description,
        e1_0.event_date,
        e1_0.event_time,
        e1_0.status,
        e1_0.ticket_price,
        e1_0.title,
        e1_0.updated_at,
        e1_0.venue_id 
    from
        events e1_0
Hibernate: 
    select
        v1_0.id,
        v1_0.address,
        v1_0.capacity,
        v1_0.city,
        v1_0.country,
        v1_0.created_at,
        v1_0.state,
        v1_0.venue_name 
    from
        venues v1_0 
    where
        v1_0.id=?
Hibernate: 
    select
        v1_0.id,
        v1_0.address,
        v1_0.capacity,
        v1_0.city,
        v1_0.country,
        v1_0.created_at,
        v1_0.state,
        v1_0.venue_name 
    from
        venues v1_0 
    where
        v1_0.id=?
Hibernate: 
    select
        v1_0.id,
        v1_0.address,
        v1_0.capacity,
        v1_0.city,
        v1_0.country,
        v1_0.created_at,
        v1_0.state,
        v1_0.venue_name 
    from
        venues v1_0 
    where
        v1_0.id=?
Hibernate: 
    select
        v1_0.id,
        v1_0.address,
        v1_0.capacity,
        v1_0.city,
        v1_0.country,
        v1_0.created_at,
        v1_0.state,
        v1_0.venue_name 
    from
        venues v1_0 
    where
        v1_0.id=?
]]></system-out>
  </testcase>
  <testcase name="contextLoads" classname="com.ticketguard.TicketGuardApplicationTests" time="0.013"/>
</testsuite>